[2022-05-24T16:04:43.262Z] Validating found git in: git
[2022-05-24T16:04:43.535Z] Using git 2.36.1 from git
[2022-05-24T16:04:43.565Z] > git rev-parse --show-toplevel [21ms]
[2022-05-24T16:04:43.575Z] > git rev-parse --git-dir --git-common-dir [1ms]
[2022-05-24T16:04:43.583Z] Open repository: /home/erk/WorkSpace/kicad/PORTABLE_ECG_MACHINE
[2022-05-24T16:04:44.670Z] > git status -z -uall [1077ms]
[2022-05-24T16:04:44.846Z] > git symbolic-ref --short HEAD [164ms]
[2022-05-24T16:04:44.889Z] > git show --textconv :PORTABLE_ECG_MACHINE/README.md [11ms]
[2022-05-24T16:04:44.890Z] > git for-each-ref --format=%(refname)%00%(upstream:short)%00%(objectname)%00%(upstream:track)%00%(upstream:remotename)%00%(upstream:remoteref) refs/heads/oled64 refs/remotes/oled64 [33ms]
[2022-05-24T16:04:44.944Z] > git remote --verbose [36ms]
[2022-05-24T16:04:44.945Z] > git for-each-ref --sort -committerdate --format %(refname) %(objectname) %(*objectname) [46ms]
[2022-05-24T16:04:44.954Z] > git ls-files --stage -- /home/erk/WorkSpace/kicad/PORTABLE_ECG_MACHINE/PORTABLE_ECG_MACHINE/README.md [66ms]
[2022-05-24T16:04:45.061Z] > git config --get commit.template [82ms]
[2022-05-24T16:04:45.187Z] > git check-ignore -v -z --stdin [11ms]
[2022-05-24T16:10:11.910Z] > git merge-base HEAD origin/oled64 [19ms]
[2022-05-24T16:10:11.931Z] > git diff --name-status -z --diff-filter=ADMR --cached fb088772d188a5c2171021bffa3c0eb300f2ba3b [3ms]
[2022-05-24T16:19:20.643Z] > git ls-files --stage -- /home/erk/WorkSpace/kicad/PORTABLE_ECG_MACHINE/PORTABLE_ECG_MACHINE/README.md [1ms]
[2022-05-24T16:19:20.649Z] > git status -z -uall [29ms]
[2022-05-24T16:19:20.689Z] > git symbolic-ref --short HEAD [19ms]
[2022-05-24T16:19:20.705Z] > git show --textconv :PORTABLE_ECG_MACHINE/README.md [17ms]
[2022-05-24T16:19:20.706Z] > git for-each-ref --format=%(refname)%00%(upstream:short)%00%(objectname)%00%(upstream:track)%00%(upstream:remotename)%00%(upstream:remoteref) refs/heads/oled64 refs/remotes/oled64 [2ms]
[2022-05-24T16:19:20.740Z] > git for-each-ref --sort -committerdate --format %(refname) %(objectname) %(*objectname) [18ms]
[2022-05-24T16:19:20.741Z] > git remote --verbose [4ms]
[2022-05-24T16:19:20.790Z] > git config --get commit.template [4ms]
[2022-05-24T17:31:04.693Z] > git show --textconv :README.md [14ms]
[2022-05-24T17:31:04.695Z] > git ls-files --stage -- /home/erk/WorkSpace/kicad/PORTABLE_ECG_MACHINE/README.md [3ms]
[2022-05-24T17:31:04.710Z] > git cat-file -s 6dc052b3f72ba87de8307d9bb5474a306c97a4e7 [2ms]
[2022-05-24T17:31:04.990Z] > git check-ignore -v -z --stdin [1ms]
