00:00:00.000218 main     VirtualBox XPCOM Server 6.1.32 r149290 linux.amd64 (Jan 18 2022 20:32:19) release log
00:00:00.000222 main     Log opened 2022-02-11T15:48:13.445567000Z
00:00:00.000224 main     Build Type: release
00:00:00.000227 main     OS Product: Linux
00:00:00.000228 main     OS Release: 5.16.5-arch1-1
00:00:00.000231 main     OS Version: #1 SMP PREEMPT Tue, 01 Feb 2022 21:42:50 +0000
00:00:00.000257 main     DMI Product Name: HP ENVY x360 Convertible 13-ay0xxx
00:00:00.000264 main     DMI Product Version: Type1ProductConfigId
00:00:00.000270 main     Firmware type: UEFI
00:00:00.000585 main     Secure Boot: Disabled
00:00:00.000619 main     Host RAM: 7393MB (7.2GB) total, 3356MB (3.2GB) available
00:00:00.000623 main     Executable: /usr/lib/virtualbox/VBoxSVC
00:00:00.000625 main     Process ID: 3955
00:00:00.000627 main     Package type: LINUX_64BITS_GENERIC (OSE)
00:00:00.002105 main     IPC socket path: /tmp/.vbox-erk-ipc/ipcd
00:00:00.108129 nspr-2   VirtualBox: object creation starts
00:00:00.108230 nspr-2   Home directory: '/home/erk/.config/VirtualBox'
00:00:00.108526 nspr-2   Loading settings file "/home/erk/.config/VirtualBox/VirtualBox.xml" with version "1.12-linux"
00:00:00.121398 nspr-2   NetIfAdpCtlOut: VBoxNetAdpCtl: Error while retrieving link speed for wlo1: VBoxNetAdpCtl: ioctl failed: Operation not supported
00:00:00.122319 nspr-2   HostDnsMonitor: initializing
00:00:00.122634 nspr-2   NAT: resolv.conf: nameserver 192.168.1.1
00:00:00.122656 nspr-2   NAT: resolv.conf: nameserver 2401:4900:50:9::280
00:00:00.122666 nspr-2   NAT: resolv.conf: nameserver 2401:4900:50:9::9
00:00:00.122680 nspr-2   HostDnsMonitor: updating information
00:00:00.122708 nspr-2   HostDnsMonitor: old information
00:00:00.122714 nspr-2     no server entries
00:00:00.122721 nspr-2     no domain set
00:00:00.122727 nspr-2     no search string entries
00:00:00.122734 nspr-2   HostDnsMonitor: new information
00:00:00.122740 nspr-2     server 1: 192.168.1.1
00:00:00.122747 nspr-2     server 2: 2401:4900:50:9::280
00:00:00.122754 nspr-2     server 3: 2401:4900:50:9::9
00:00:00.122760 nspr-2     no domain set
00:00:00.122766 nspr-2     no search string entries
00:00:00.125507 nspr-2   Failed to open "/dev/vboxdrvu", errno=2, rc=VERR_VM_DRIVER_NOT_INSTALLED
00:00:00.125804 nspr-2   VD: VDInit finished with VINF_SUCCESS
00:00:00.125891 nspr-2   ERROR [COM]: aRC=NS_ERROR_FAILURE (0x80004005) aIID={027bc463-929c-40e8-bf16-fea557cd8e7e} aComponent={SystemPropertiesWrap} aText={Cannot determine default Guest Additions ISO location. Most likely they are not available}, preserve=false aResultDetail=0
00:00:00.126526 nspr-2   VirtualBox: object created
00:00:20.573241 nspr-3   Failed to open "/dev/vboxdrvu", errno=2, rc=VERR_VM_DRIVER_NOT_INSTALLED
00:00:20.574637 nspr-3   Failed to open "/dev/vboxdrvu", errno=2, rc=VERR_VM_DRIVER_NOT_INSTALLED
00:03:02.295561 createBase ERROR [COM]: aRC=VBOX_E_FILE_ERROR (0x80bb0004) aIID={ad47ad09-787b-44ab-b343-a082a3f2dfb1} aComponent={MediumWrap} aText={Could not create the medium storage unit '/run/media/erk/extra/V-j-Win.vdi'.
00:03:02.295573 createBase VDI: cannot create image '/run/media/erk/extra/V-j-Win.vdi' (VERR_ACCESS_DENIED)}, preserve=false aResultDetail=-38
00:03:09.299707 createBase ERROR [COM]: aRC=VBOX_E_FILE_ERROR (0x80bb0004) aIID={ad47ad09-787b-44ab-b343-a082a3f2dfb1} aComponent={MediumWrap} aText={Could not create the medium storage unit '/run/media/erk/extra/V-j-Win.vdi'.
00:03:09.299721 createBase VDI: cannot create image '/run/media/erk/extra/V-j-Win.vdi' (VERR_ACCESS_DENIED)}, preserve=false aResultDetail=-38
00:36:03.753053 nspr-2   Saving settings file "/home/erk/.config/VirtualBox/VirtualBox.xml" with version "1.12-linux"
00:36:03.762663 nspr-3   Saving settings file "/home/erk/.config/VirtualBox/VirtualBox.xml" with version "1.12-linux"
00:36:09.279092 main     VirtualBox: object deletion starts
00:36:09.279449 main     HostDnsMonitor: shutting down ...
00:36:09.283912 Watcher  ERROR [COM]: aRC=E_ACCESSDENIED (0x80070005) aIID={d0a0163f-e254-4e5b-a1f2-011cf991c38d} aComponent={VirtualBoxWrap} aText={The object is not ready}, preserve=false aResultDetail=0
00:36:09.292753 main     HostDnsMonitor: shut down
00:36:14.293212 main     {00007fae28016670} HostPowerServiceLinux::~HostPowerServiceLinux: RTThreadWait() for 5000 ms failed with VERR_TIMEOUT
00:36:14.293800 main     VirtualBox: object deleted
