[2022-07-12 21:08:49.502] [sharedprocess] [info] Starting worker process with pid 2043 (type: fileWatcher, window: 1).
[2022-07-12 21:08:49.614] [sharedprocess] [info] Deleted from disk zhuangtongfa.material-theme /home/erk/.vscode-oss/extensions/zhuangtongfa.material-theme-3.13.29
[2022-07-12 21:08:56.917] [sharedprocess] [info] Getting Manifest... bierner.markdown-mermaid
[2022-07-12 21:08:56.919] [sharedprocess] [info] Getting Manifest... eamodio.gitlens
[2022-07-12 21:08:56.922] [sharedprocess] [info] Getting Manifest... ms-python.python
[2022-07-12 21:08:56.923] [sharedprocess] [info] Getting Manifest... ms-toolsai.jupyter
[2022-07-12 21:08:56.924] [sharedprocess] [info] Getting Manifest... teamhub.teamhub
[2022-07-12 21:08:56.926] [sharedprocess] [info] Getting Manifest... vscodevim.vim
[2022-07-12 21:08:56.926] [sharedprocess] [info] Getting Manifest... zhuangtongfa.material-theme
[2022-07-12 21:08:59.352] [sharedprocess] [info] Installing extension: ms-toolsai.jupyter
[2022-07-12 21:08:59.518] [sharedprocess] [info] Installing extension: zhuangtongfa.material-theme
[2022-07-12 21:08:59.549] [sharedprocess] [info] Installing extension: bierner.markdown-mermaid
[2022-07-12 21:08:59.721] [sharedprocess] [info] Installing extension: teamhub.teamhub
[2022-07-12 21:08:59.723] [sharedprocess] [info] Installing extension: vscodevim.vim
[2022-07-12 21:09:00.027] [sharedprocess] [info] Installing extension: ms-python.python
[2022-07-12 21:09:00.714] [sharedprocess] [info] Installing extension: eamodio.gitlens
[2022-07-12 21:09:02.110] [sharedprocess] [info] Downloaded extension: zhuangtongfa.material-theme /home/erk/.config/Code - OSS/CachedExtensionVSIXs/zhuangtongfa.material-theme-3.15.2
[2022-07-12 21:09:02.263] [sharedprocess] [info] Extracted extension to /home/erk/.vscode-oss/extensions/.b6709085-6c3a-42a3-bea7-d2e942ff2b2f: zhuangtongfa.material-theme
[2022-07-12 21:09:02.273] [sharedprocess] [info] Renamed to /home/erk/.vscode-oss/extensions/zhuangtongfa.material-theme-3.15.2
[2022-07-12 21:09:02.276] [sharedprocess] [info] Extracting completed. zhuangtongfa.material-theme
[2022-07-12 21:09:02.282] [sharedprocess] [info] Extension installed successfully: zhuangtongfa.material-theme
[2022-07-12 21:09:02.600] [sharedprocess] [info] Downloaded extension: bierner.markdown-mermaid /home/erk/.config/Code - OSS/CachedExtensionVSIXs/bierner.markdown-mermaid-1.14.2
[2022-07-12 21:09:02.656] [sharedprocess] [info] Extracted extension to /home/erk/.vscode-oss/extensions/.c4fc492f-c3b4-4ff9-b7cd-52463c6c96c4: bierner.markdown-mermaid
[2022-07-12 21:09:02.662] [sharedprocess] [info] Renamed to /home/erk/.vscode-oss/extensions/bierner.markdown-mermaid-1.14.2
[2022-07-12 21:09:02.663] [sharedprocess] [info] Extracting completed. bierner.markdown-mermaid
[2022-07-12 21:09:02.668] [sharedprocess] [info] Extension installed successfully: bierner.markdown-mermaid
[2022-07-12 21:09:03.740] [sharedprocess] [info] Downloaded extension: vscodevim.vim /home/erk/.config/Code - OSS/CachedExtensionVSIXs/vscodevim.vim-1.23.1
[2022-07-12 21:09:03.917] [sharedprocess] [info] Extracted extension to /home/erk/.vscode-oss/extensions/.6b37fe88-c86a-475c-a745-79776768ec84: vscodevim.vim
[2022-07-12 21:09:03.924] [sharedprocess] [info] Renamed to /home/erk/.vscode-oss/extensions/vscodevim.vim-1.23.1
[2022-07-12 21:09:03.927] [sharedprocess] [info] Extracting completed. vscodevim.vim
[2022-07-12 21:09:03.932] [sharedprocess] [info] Extension installed successfully: vscodevim.vim
[2022-07-12 21:09:04.062] [sharedprocess] [info] Downloaded extension: ms-toolsai.jupyter /home/erk/.config/Code - OSS/CachedExtensionVSIXs/ms-toolsai.jupyter-2022.5.1001610507
[2022-07-12 21:09:04.799] [sharedprocess] [info] Downloaded extension: teamhub.teamhub /home/erk/.config/Code - OSS/CachedExtensionVSIXs/teamhub.teamhub-15.0.9
[2022-07-12 21:09:04.816] [sharedprocess] [info] Downloaded extension: ms-python.python /home/erk/.config/Code - OSS/CachedExtensionVSIXs/ms-python.python-2022.10.0
[2022-07-12 21:09:05.055] [sharedprocess] [info] Extracted extension to /home/erk/.vscode-oss/extensions/.72a8cb4e-b0b9-4d32-add4-c835bc28f6e4: ms-toolsai.jupyter
[2022-07-12 21:09:05.074] [sharedprocess] [info] Renamed to /home/erk/.vscode-oss/extensions/ms-toolsai.jupyter-2022.5.1001610507
[2022-07-12 21:09:05.088] [sharedprocess] [info] Extracting completed. ms-toolsai.jupyter
[2022-07-12 21:09:05.098] [sharedprocess] [info] Extension installed successfully: ms-toolsai.jupyter
[2022-07-12 21:09:05.431] [sharedprocess] [info] Extracted extension to /home/erk/.vscode-oss/extensions/.f6a3d5fd-6737-4355-a853-18b90c82d03e: teamhub.teamhub
[2022-07-12 21:09:05.444] [sharedprocess] [info] Renamed to /home/erk/.vscode-oss/extensions/teamhub.teamhub-15.0.9
[2022-07-12 21:09:05.447] [sharedprocess] [info] Extracting completed. teamhub.teamhub
[2022-07-12 21:09:05.453] [sharedprocess] [info] Extension installed successfully: teamhub.teamhub
[2022-07-12 21:09:06.199] [sharedprocess] [info] Downloaded extension: eamodio.gitlens /home/erk/.config/Code - OSS/CachedExtensionVSIXs/eamodio.gitlens-12.1.1
[2022-07-12 21:09:06.863] [sharedprocess] [info] Extracted extension to /home/erk/.vscode-oss/extensions/.1cce7fb4-62a8-4e30-b844-a4d97ba51fa3: eamodio.gitlens
[2022-07-12 21:09:06.882] [sharedprocess] [info] Renamed to /home/erk/.vscode-oss/extensions/eamodio.gitlens-12.1.1
[2022-07-12 21:09:06.888] [sharedprocess] [info] Extracting completed. eamodio.gitlens
[2022-07-12 21:09:06.905] [sharedprocess] [info] Extension installed successfully: eamodio.gitlens
[2022-07-12 21:09:07.619] [sharedprocess] [info] Extracted extension to /home/erk/.vscode-oss/extensions/.4630d347-d8e7-4d4b-a2f0-f5669a4e2b51: ms-python.python
[2022-07-12 21:09:07.632] [sharedprocess] [info] Renamed to /home/erk/.vscode-oss/extensions/ms-python.python-2022.10.0
[2022-07-12 21:09:07.638] [sharedprocess] [info] Extracting completed. ms-python.python
[2022-07-12 21:09:07.644] [sharedprocess] [info] Extension installed successfully: ms-python.python
